<?xml version="1.0" encoding="UTF-8"?>
<testng-results skipped="0" failed="0" total="5" passed="5">
  <reporter-output>
  </reporter-output>
  <suite name="Default suite" duration-ms="53760" started-at="2019-07-26T07:20:43Z" finished-at="2019-07-26T07:21:37Z">
    <groups>
    </groups>
    <test name="Default test" duration-ms="53760" started-at="2019-07-26T07:20:43Z" finished-at="2019-07-26T07:21:37Z">
      <class name="sampleTests.LoginTest">
        <test-method status="PASS" signature="setup()[pri:0, instance:sampleTests.LoginTest@5ae9a829]" name="setup" is-config="true" duration-ms="10368" started-at="2019-07-26T12:50:43Z" finished-at="2019-07-26T12:50:54Z">
          <reporter-output>
          </reporter-output>
        </test-method> <!-- setup -->
        <test-method status="PASS" signature="testLogin()[pri:0, instance:sampleTests.LoginTest@5ae9a829]" name="testLogin" duration-ms="7593" started-at="2019-07-26T12:50:54Z" finished-at="2019-07-26T12:51:01Z">
          <reporter-output>
          </reporter-output>
        </test-method> <!-- testLogin -->
        <test-method status="PASS" signature="testAddCart()[pri:1, instance:sampleTests.LoginTest@5ae9a829]" name="testAddCart" duration-ms="26556" started-at="2019-07-26T12:51:01Z" finished-at="2019-07-26T12:51:28Z">
          <reporter-output>
          </reporter-output>
        </test-method> <!-- testAddCart -->
        <test-method status="PASS" signature="testValidateItems()[pri:2, instance:sampleTests.LoginTest@5ae9a829]" name="testValidateItems" duration-ms="5644" started-at="2019-07-26T12:51:28Z" finished-at="2019-07-26T12:51:33Z">
          <reporter-output>
          </reporter-output>
        </test-method> <!-- testValidateItems -->
        <test-method status="PASS" signature="testSaveLater()[pri:3, instance:sampleTests.LoginTest@5ae9a829]" name="testSaveLater" duration-ms="2521" started-at="2019-07-26T12:51:33Z" finished-at="2019-07-26T12:51:36Z">
          <reporter-output>
          </reporter-output>
        </test-method> <!-- testSaveLater -->
        <test-method status="PASS" signature="testLogout()[pri:4, instance:sampleTests.LoginTest@5ae9a829]" name="testLogout" duration-ms="1058" started-at="2019-07-26T12:51:36Z" finished-at="2019-07-26T12:51:37Z">
          <reporter-output>
          </reporter-output>
        </test-method> <!-- testLogout -->
      </class> <!-- sampleTests.LoginTest -->
    </test> <!-- Default test -->
  </suite> <!-- Default suite -->
</testng-results>
